> Task :buildSrc:reaper:compileJava UP-TO-DATE
> Task :buildSrc:reaper:processResources NO-SOURCE
> Task :buildSrc:reaper:classes UP-TO-DATE
> Task :buildSrc:reaper:jar UP-TO-DATE
> Task :buildSrc:compileJava UP-TO-DATE
> Task :buildSrc:compileGroovy UP-TO-DATE
> Task :buildSrc:generateVersionProperties UP-TO-DATE
> Task :buildSrc:pluginDescriptors UP-TO-DATE
> Task :buildSrc:processResources UP-TO-DATE
> Task :buildSrc:classes UP-TO-DATE
> Task :buildSrc:jar UP-TO-DATE
=======================================
OpenSearch Build Hamster says Hello!
  Gradle Version        : 9.4.1
  OS Info               : Mac OS X 15.7.2 (aarch64)
  JDK Version           : 25 (Amazon Corretto JDK 25 (25.0.3+9-LTS))
  JAVA_HOME             : /Library/Java/JavaVirtualMachines/amazon-corretto-25.jdk/Contents/Home
  Random Testing Seed   : 2448AF8CACCA5C29
  Crypto Standard       : any-supported
=======================================
> Task :server:protobufDummy UP-TO-DATE
> Task :libs:opensearch-concurrent-queue:processResources NO-SOURCE
> Task :libs:opensearch-common:processResources UP-TO-DATE
> Task :libs:opensearch-task-commons:processResources NO-SOURCE
> Task :libs:opensearch-core:processResources UP-TO-DATE
> Task :libs:opensearch-geo:processResources NO-SOURCE
> Task :libs:opensearch-compress:processResources UP-TO-DATE
> Task :libs:opensearch-x-content:processResources UP-TO-DATE
> Task :libs:opensearch-cli:processResources NO-SOURCE
> Task :libs:opensearch-plugin-classloader:processResources NO-SOURCE
> Task :libs:opensearch-concurrent-queue:compileJava UP-TO-DATE
> Task :libs:opensearch-common:compileJava UP-TO-DATE
> Task :libs:opensearch-plugin-classloader:compileJava UP-TO-DATE
> Task :libs:opensearch-telemetry:processResources NO-SOURCE
> Task :libs:opensearch-secure-sm:processResources NO-SOURCE
> Task :libs:agent-sm:bootstrap:processResources NO-SOURCE
> Task :libs:agent-sm:agent-policy:processResources NO-SOURCE
> Task :libs:opensearch-task-commons:compileJava UP-TO-DATE
> Task :libs:opensearch-common:classes UP-TO-DATE
> Task :server:extractProto UP-TO-DATE
> Task :libs:opensearch-geo:compileJava UP-TO-DATE
> Task :libs:opensearch-cli:compileJava UP-TO-DATE
> Task :libs:agent-sm:bootstrap:compileJava UP-TO-DATE
> Task :libs:opensearch-telemetry:compileJava UP-TO-DATE
> Task :libs:agent-sm:agent-policy:compileJava UP-TO-DATE
> Task :libs:opensearch-core:compileJava UP-TO-DATE
> Task :libs:opensearch-secure-sm:compileJava UP-TO-DATE
> Task :libs:opensearch-compress:compileJava UP-TO-DATE
> Task :libs:opensearch-x-content:compileJava UP-TO-DATE
> Task :libs:opensearch-arrow-spi:compileJava UP-TO-DATE
> Task :server:extractIncludeProto UP-TO-DATE
> Task :server:generateProto UP-TO-DATE
> Task :libs:opensearch-common:jar UP-TO-DATE
> Task :server:compileJava UP-TO-DATE
> Task :sandbox:libs:dataformat-native:compileJava UP-TO-DATE
> Task :sandbox:libs:plugin-stats-spi:compileJava UP-TO-DATE
> Task :plugins:arrow-base:compileJava UP-TO-DATE
> Task :sandbox:plugins:parquet-data-format:compileJava UP-TO-DATE
> Task :sandbox:plugins:composite-engine:compileJava

BUILD SUCCESSFUL in 7s
36 actionable tasks: 1 executed, 35 up-to-date
]9;4;0